1 88392 Mirfak 1 104
1 41130 Adara 2 92
1 95257 Alphard 3 90
1 25672 Suhail 4 84
1 47814 Sun 5 82
1 16174 Koo 6 73
1 22587 Fomalhaut 7 68
1 32879 Alnilam 8 63
1 88510 Benetnasch 9 56
1 37789 Spica 10 55
1 37696 Deneb 11 51
1 18303 Castor 12 50
1 37743 Saiph 13 44
1 57215 Nairal 14 38
1 16909 Aldebaran 15 36
1 41721 Polaris 16 34
2 15191 Mimosa 1 132
2 88392 Mirfak 2 132
2 56716 Eltanin 3 105
2 27529 Hadar 4 104
2 15533 Miaplacidus 5 103
2 45640 Wezen 6 102
2 26713 Hamal 7 96
2 83529 Turais 7 96
2 29029 Girtab 9 95
2 38990 Alderamin 10 93
2 22416 Sadr 11 91
2 59868 Betelgeuse 12 90
2 75382 Atria 12 90
2 28740 Scheat 14 89
2 16909 Aldebaran 15 84
2 65917 Sirius 15 84
2 53198 Vega 17 83
2 73938 Menkent 18 82
2 31595 Kakkab 19 81
2 32547 Kaus 20 80
2 66519 Almach 21 78
2 66904 Caph 22 76
2 49258 Gruid 23 75
2 77506 Muhlifain 24 65
2 51696 Alnitak 25 61
2 76711 Mirzam 25 61
2 25058 Rasalhague 27 59
2 35062 Rigel 27 59
2 94015 Merak 29 58
2 36815 Phecda 30 53
2 47814 Sun 31 50
2 22326 Birdun 32 49
2 69158 Algieba 33 48
2 37827 Alhena 34 45
2 40107 Gemma 35 37
2 69829 Alioth 36 27
2 66909 Gienah 37 25
3 22326 Birdun 1 123
3 73938 Menkent 2 120
3 28326 Aspidiske 3 115
3 27688 Avior 4 112
3 32879 Alnilam 5 107
3 73121 Enif 5 107
3 24154 Antares 7 102
3 86928 Capella B 7 102
3 44814 Sargas 9 97
3 91461 Suhail 10 96
3 11228 Mirach 11 94
3 15191 Mimosa 12 92
3 49258 Gruid 13 91
3 16961 Arcturus 14 87
3 40107 Gemma 15 86
3 36755 Alphecca 16 85
3 15504 Aludra 17 84
3 68505 Naos 18 83
3 25739 Suhail 19 82
3 25672 Suhail 20 77
3 94015 Merak 20 77
3 66904 Caph 22 76
3 14909 Marfikent 23 74
3 75463 Acrux 24 73
3 20161 Achernar 25 72
3 55855 Kochab 26 71
3 41721 Polaris 27 70
3 74647 Markab 27 70
3 19068 Wei 29 69
3 28827 Deneb 30 64
3 75522 Shaula 31 60
3 36815 Phecda 32 59
3 22416 Sadr 33 57
3 63800 Dubhe 33 57
3 76711 Mirzam 33 57
3 40475 Regulus 36 56
3 75382 Atria 37 55
3 18473 Markeb 38 49
3 98545 Canopus 39 46
3 64839 Nunki 40 42
3 77506 Muhlifain 40 42
3 50380 Rigil 42 34
3 68409 Procyon 43 33
3 99798 Men 44 31
3 72262 Algol 45 26
4 99798 Men 1 121
4 68505 Naos 2 105
4 45640 Wezen 3 98
4 50812 Sabik 4 97
4 74647 Markab 5 95
4 73121 Enif 6 93
4 68069 Mintaka 7 92
4 81395 Dschubba 8 87
4 95257 Alphard 8 87
4 66519 Almach 10 86
4 42076 Mizar 11 85
4 98545 Canopus 12 84
4 50380 Rigil 13 83
4 51696 Alnitak 14 82
4 77934 Alpheratz 14 82
4 72262 Algol 16 81
4 82238 Tsih 17 79
4 99623 Toliman 17 79
4 88392 Mirfak 19 77
4 36815 Phecda 20 73
4 18473 Markeb 21 72
4 40584 Denebola 22 69
4 37827 Alhena 23 67
4 14470 Schedar 24 66
4 20161 Achernar 25 64
4 12956 Altair 26 63
4 75522 Shaula 27 62
4 93581 Gacrux 27 62
4 27688 Avior 29 61
4 95733 Alnair 29 61
4 32547 Kaus 31 55
4 28279 Regor 32 48
4 53018 Peacock 32 48
4 28326 Aspidiske 34 45
4 53198 Vega 35 42
4 37696 Deneb 36 40
4 25739 Suhail 37 37
4 38990 Alderamin 37 37
5 25672 Suhail 1 119
5 14909 Marfikent 2 114
5 38990 Alderamin 3 109
5 31595 Kakkab 4 106
5 18303 Castor 5 105
5 88510 Benetnasch 6 102
5 75382 Atria 7 95
5 86928 Capella B 8 93
5 53198 Vega 9 92
5 38116 El 10 89
5 53018 Peacock 11 85
5 28279 Regor 12 84
5 28326 Aspidiske 13 76
5 69158 Algieba 14 74
5 24137 Bellatrix 15 70
5 28740 Scheat 16 69
5 50321 Ankaa 17 66
5 44814 Sargas 18 64
5 68409 Procyon 19 56
5 55855 Kochab 20 55
5 95733 Alnair 21 53
5 14470 Schedar 22 52
5 26713 Hamal 23 48
5 99623 Toliman 24 47
5 64839 Nunki 25 44
5 25739 Suhail 26 33
5 68505 Naos 27 17
6 15533 Miaplacidus 1 127
6 22326 Birdun 2 120
6 76711 Mirzam 3 119
6 40584 Denebola 4 108
6 20161 Achernar 5 107
6 35062 Rigel 6 105
6 91461 Suhail 7 100
6 99623 Toliman 7 100
6 15504 Aludra 9 98
6 72262 Algol 9 98
6 28279 Regor 11 96
6 82238 Tsih 12 95
6 37827 Alhena 13 93
6 44814 Sargas 14 92
6 28740 Scheat 15 91
6 83529 Turais 16 90
6 77934 Alpheratz 17 89
6 32547 Kaus 18 83
6 41130 Adara 18 83
6 93581 Gacrux 20 82
6 68069 Mintaka 21 81
6 38116 El 22 80
6 16174 Koo 23 79
6 57215 Nairal 24 78
6 75522 Shaula 25 73
6 27529 Hadar 26 71
6 73938 Menkent 26 71
6 75463 Acrux 28 70
6 94015 Merak 28 70
6 98545 Canopus 28 70
6 37743 Saiph 31 65
6 28827 Deneb 32 63
6 47814 Sun 33 58
6 56716 Eltanin 34 57
6 16961 Arcturus 35 56
6 19068 Wei 36 54
6 29029 Girtab 37 51
6 61028 Capella 37 51
6 88510 Benetnasch 39 48
6 11228 Mirach 40 42
6 28904 Pollux 41 39
6 40475 Regulus 42 36
6 45640 Wezen 42 36
6 59868 Betelgeuse 44 34
6 77506 Muhlifain 44 34
7 95733 Alnair 1 130
7 91461 Suhail 2 121
7 28904 Pollux 3 108
7 15191 Mimosa 4 105
7 11228 Mirach 5 98
7 22587 Fomalhaut 6 96
7 50321 Ankaa 7 91
7 37789 Spica 8 83
7 81395 Dschubba 8 83
7 51696 Alnitak 10 82
7 95257 Alphard 10 82
7 55855 Kochab 12 81
7 36755 Alphecca 13 80
7 31156 Agena 14 78
7 28827 Deneb 15 73
7 66519 Almach 15 73
7 53018 Peacock 17 72
7 16909 Aldebaran 18 68
7 68409 Procyon 19 66
7 50812 Sabik 20 65
7 12956 Altair 21 64
7 40475 Regulus 22 63
7 57215 Nairal 23 58
7 86928 Capella B 24 53
7 82238 Tsih 25 47
7 25058 Rasalhague 26 43
7 65917 Sirius 27 42
7 63800 Dubhe 28 34
7 24154 Antares 29 30
7 64839 Nunki 30 26
7 37696 Deneb 31 19
8 49258 Gruid 1 126
8 74647 Markab 2 109
8 40107 Gemma 3 105
8 50380 Rigil 4 103
8 42076 Mizar 5 100
8 15533 Miaplacidus 6 98
8 27529 Hadar 7 96
8 28904 Pollux 8 94
8 37743 Saiph 9 91
8 22416 Sadr 10 90
8 93581 Gacrux 10 90
8 50321 Ankaa 12 87
8 15504 Aludra 13 86
8 31156 Agena 14 83
8 24137 Bellatrix 15 80
8 14909 Marfikent 16 79
8 81395 Dschubba 16 79
8 73121 Enif 18 76
8 65917 Sirius 19 75
8 19068 Wei 20 71
8 38116 El 20 71
8 27688 Avior 22 69
8 29029 Girtab 22 69
8 36755 Alphecca 24 66
8 18473 Markeb 25 63
8 31595 Kakkab 26 62
8 66909 Gienah 27 61
8 35062 Rigel 28 57
8 59868 Betelgeuse 29 55
8 61028 Capella 30 53
8 25058 Rasalhague 31 47
8 16961 Arcturus 32 46
8 69158 Algieba 32 46
8 63800 Dubhe 34 43
8 68069 Mintaka 34 43
8 69829 Alioth 36 42
8 22587 Fomalhaut 37 39
8 66904 Caph 38 38
8 50812 Sabik 39 30
9 56716 Eltanin 1 129
9 69829 Alioth 2 109
9 37789 Spica 3 107
9 66909 Gienah 3 107
9 99798 Men 3 107
9 41130 Adara 6 98
9 77934 Alpheratz 7 96
9 12956 Altair 8 85
9 16174 Koo 8 85
9 24137 Bellatrix 10 83
9 40584 Denebola 11 81
9 24154 Antares 12 79
9 32879 Alnilam 13 67
9 61028 Capella 14 63
9 75463 Acrux 15 62
9 18303 Castor 16 60
9 41721 Polaris 17 51
9 31156 Agena 18 50
9 14470 Schedar 19 47
9 83529 Turais 19 47
9 42076 Mizar 21 44
9 26713 Hamal 22 36
