1 72245 Gienah 1 121
1 37020 Girtab 2 118
1 10033 Mirach 3 92
1 61222 Sabik 4 91
1 67321 Nunki 4 91
1 59470 Gruid 6 88
1 74693 Algieba 7 86
1 80025 Enif 7 86
1 36202 Deneb 9 80
1 11247 Schedar 10 79
1 50121 El 11 77
1 15385 Miaplacidus 12 74
1 30754 Avior 12 74
1 27221 Rasalhague 14 63
1 70060 Almach 15 59
1 44778 Phecda 16 45
1 38676 Kakkab 17 34
2 29487 Suhail 1 126
2 44190 Alphecca 2 121
2 25148 Sadr 3 118
2 54833 Polaris 4 112
2 90717 Gacrux 4 112
2 73812 Naos 6 111
2 33739 Regor 7 108
2 94124 Canopus 7 108
2 37922 Agena 9 103
2 30526 Hamal 10 101
2 82372 Acrux 11 99
2 65770 Kochab 12 97
2 11252 Marfikent 13 96
2 72231 Caph 14 94
2 55508 Mizar 15 92
2 55671 Sargas 16 90
2 67256 Dubhe 16 90
2 18064 Koo 18 89
2 84377 Muhlifain 18 89
2 62219 Peacock 20 84
2 66110 Betelgeuse 21 82
2 12984 Mimosa 22 80
2 51123 Denebola 23 78
2 88777 Benetnasch 23 78
2 26974 Antares 25 77
2 50355 Gemma 26 76
2 41598 Rigel 27 75
2 24934 Achernar 28 69
2 86644 Tsih 29 64
2 86809 Turais 30 63
2 66983 Capella 31 61
2 35121 Aspidiske 32 60
2 44822 Deneb 33 58
2 26595 Bellatrix 34 57
2 82868 Shaula 34 57
2 11247 Schedar 36 55
2 14904 Aludra 37 54
2 93781 Alnair 38 51
2 20142 Aldebaran 39 49
2 22656 Wei 40 46
2 80996 Markab 41 44
2 45385 Saiph 42 42
2 28940 Suhail 43 38
2 65996 Nairal 44 35
2 60832 Rigil 45 34
3 81361 Atria 1 115
3 11252 Marfikent 2 111
3 25148 Sadr 3 109
3 29487 Suhail 4 106
3 51123 Denebola 5 101
3 70060 Almach 6 99
3 67321 Nunki 7 98
3 67256 Dubhe 8 97
3 26974 Antares 9 91
3 12984 Mimosa 10 89
3 62478 Vega 10 89
3 36446 Pollux 12 88
3 66110 Betelgeuse 13 87
3 35859 Scheat 14 86
3 65833 Eltanin 15 83
3 57652 Sun 16 80
3 24934 Achernar 17 76
3 74693 Algieba 18 75
3 20142 Aldebaran 19 74
3 24954 Birdun 19 74
3 82372 Acrux 21 73
3 62031 Alnitak 22 71
3 82868 Shaula 23 68
3 87568 Mirfak 24 66
3 14904 Aludra 25 65
3 83152 Mirzam 25 65
3 10205 Altair 27 63
3 73812 Naos 28 58
3 50121 El 29 53
3 65770 Kochab 29 53
3 67679 Sirius 31 49
3 44190 Alphecca 32 47
3 45385 Saiph 33 44
3 73269 Procyon 34 43
3 39886 Kaus 35 42
3 50199 Alderamin 35 42
3 72245 Gienah 35 42
3 40654 Alnilam 38 36
3 38676 Kakkab 39 34
3 30594 Hadar 40 33
3 80996 Markab 41 25
3 92769 Alphard 42 18
4 61222 Sabik 1 130
4 37922 Agena 2 119
4 62031 Alnitak 3 116
4 95792 Toliman 4 108
4 25466 Fomalhaut 5 104
4 78721 Algol 6 101
4 85696 Dschubba 6 101
4 55671 Sargas 8 97
4 54252 Adara 9 96
4 10033 Mirach 10 95
4 80880 Menkent 11 94
4 83152 Mirzam 12 89
4 20908 Castor 13 88
4 24934 Achernar 13 88
4 50199 Alderamin 15 86
4 20142 Aldebaran 16 82
4 54833 Polaris 17 78
4 94124 Canopus 18 76
4 56049 Wezen 19 74
4 38676 Kakkab 20 72
4 84599 Alpheratz 21 70
4 30754 Avior 22 69
4 55508 Mizar 22 69
4 81361 Atria 22 69
4 98807 Men 25 68
4 12984 Mimosa 26 64
4 26974 Antares 26 64
4 84377 Muhlifain 28 63
4 20198 Arcturus 29 58
4 21591 Markeb 30 53
4 36446 Pollux 31 45
4 11247 Schedar 32 44
4 91487 Merak 33 36
4 40654 Alnilam 34 22
4 28940 Suhail 35 20
5 78721 Algol 1 126
5 25466 Fomalhaut 2 107
5 62478 Vega 2 107
5 30594 Hadar 4 105
5 90165 Suhail 5 104
5 20198 Arcturus 6 96
5 59470 Gruid 7 93
5 84377 Muhlifain 8 92
5 86809 Turais 9 91
5 15385 Miaplacidus 10 89
5 80880 Menkent 11 88
5 22656 Wei 12 85
5 95792 Toliman 12 85
5 39886 Kaus 14 83
5 60228 Ankaa 14 83
5 47584 Alhena 16 79
5 20908 Castor 17 76
5 29487 Suhail 17 76
5 36202 Deneb 19 75
5 50355 Gemma 20 74
5 66110 Betelgeuse 20 74
5 50714 Regulus 22 72
5 73269 Procyon 23 71
5 78279 Alioth 23 71
5 90717 Gacrux 25 69
5 30754 Avior 26 67
5 46853 Spica 26 67
5 35121 Aspidiske 28 65
5 54252 Adara 28 65
5 33739 Regor 30 64
5 37020 Girtab 30 64
5 65833 Eltanin 32 59
5 35859 Scheat 33 58
5 10033 Mirach 34 46
5 86828 Capella B 35 34
6 66983 Capella 1 130
6 84599 Alpheratz 2 123
6 70060 Almach 3 118
6 56049 Wezen 4 115
6 90717 Gacrux 5 114
6 87568 Mirfak 6 107
6 60228 Ankaa 7 105
6 28940 Suhail 8 101
6 46853 Spica 9 97
6 83152 Mirzam 10 93
6 65996 Nairal 11 92
6 45385 Saiph 12 88
6 94124 Canopus 13 80
6 37922 Agena 14 78
6 47584 Alhena 15 76
6 15385 Miaplacidus 16 74
6 85696 Dschubba 17 70
6 62219 Peacock 18 69
6 88777 Benetnasch 18 69
6 93781 Alnair 20 64
6 51123 Denebola 21 63
6 65770 Kochab 22 58
6 78279 Alioth 22 58
6 24954 Birdun 24 56
6 81361 Atria 24 56
6 30526 Hamal 26 55
6 20198 Arcturus 27 52
6 55671 Sargas 27 52
6 54252 Adara 29 48
6 27221 Rasalhague 30 46
6 41598 Rigel 31 44
6 72417 Mintaka 32 43
6 98807 Men 33 41
6 62478 Vega 34 32
6 26595 Bellatrix 35 19
6 86809 Turais 36 17
7 72417 Mintaka 1 122
7 14904 Aludra 2 120
7 91487 Merak 3 109
7 21591 Markeb 4 104
7 50199 Alderamin 5 101
7 90165 Suhail 6 99
7 65996 Nairal 7 95
7 73269 Procyon 8 89
7 44190 Alphecca 9 88
7 33739 Regor 10 83
7 36202 Deneb 10 83
7 93781 Alnair 12 81
7 82372 Acrux 13 80
7 57652 Sun 14 77
7 86644 Tsih 14 77
7 74693 Algieba 16 75
7 35859 Scheat 17 72
7 39886 Kaus 18 71
7 50121 El 19 67
7 50714 Regulus 20 65
7 40654 Alnilam 21 64
7 92769 Alphard 22 62
7 72245 Gienah 23 60
7 18064 Koo 24 59
7 20908 Castor 25 58
7 62219 Peacock 26 57
7 86828 Capella B 26 57
7 44778 Phecda 28 53
7 59470 Gruid 29 46
7 10205 Altair 30 40
7 95792 Toliman 31 38
7 30526 Hamal 32 20
8 56049 Wezen 1 116
8 18064 Koo 2 111
8 61222 Sabik 3 105
8 80880 Menkent 4 102
8 72417 Mintaka 5 98
8 26595 Bellatrix 6 94
8 50355 Gemma 7 91
8 86644 Tsih 8 88
8 57652 Sun 9 84
8 73812 Naos 9 84
8 27221 Rasalhague 11 83
8 78721 Algol 12 82
8 98807 Men 12 82
8 72231 Caph 14 81
8 11252 Marfikent 15 80
8 67256 Dubhe 15 80
8 30594 Hadar 17 79
8 82868 Shaula 18 78
8 37020 Girtab 19 77
8 66983 Capella 20 76
8 55508 Mizar 21 72
8 80996 Markab 21 72
8 60832 Rigil 23 70
8 92769 Alphard 23 70
8 47584 Alhena 25 67
8 87568 Mirfak 25 67
8 80025 Enif 27 57
8 54833 Polaris 28 54
8 84599 Alpheratz 29 53
8 85696 Dschubba 30 50
8 67321 Nunki 31 43
8 90165 Suhail 31 43
8 44822 Deneb 33 42
8 67679 Sirius 34 41
8 22656 Wei 35 38
8 78279 Alioth 36 36
8 50714 Regulus 37 35
8 21591 Markeb 38 33
8 24954 Birdun 39 26
9 41598 Rigel 1 108
9 67679 Sirius 2 108
9 91487 Merak 3 98
9 25148 Sadr 4 96
9 10205 Altair 5 93
9 60832 Rigil 5 93
9 44778 Phecda 7 88
9 60228 Ankaa 8 87
9 25466 Fomalhaut 9 83
9 65833 Eltanin 10 81
9 88777 Benetnasch 11 80
9 46853 Spica 12 78
9 62031 Alnitak 12 78
9 44822 Deneb 14 67
9 86828 Capella B 15 66
9 36446 Pollux 16 61
9 80025 Enif 16 61
9 35121 Aspidiske 18 54
9 72231 Caph 19 10
